[debug] [2023-09-27T04:22:39.523Z] ----------------------------------------------------------------------
[debug] [2023-09-27T04:22:39.527Z] Command:       C:\Program Files\nodejs\node.exe C:\Users\Admin\AppData\Roaming\npm\node_modules\firebase-tools\lib\bin\firebase.js init
[debug] [2023-09-27T04:22:39.527Z] CLI Version:   12.6.0
[debug] [2023-09-27T04:22:39.527Z] Platform:      win32
[debug] [2023-09-27T04:22:39.527Z] Node Version:  v20.5.1
[debug] [2023-09-27T04:22:39.528Z] Time:          Wed Sep 27 2023 09:52:39 GMT+0530 (India Standard Time)
[debug] [2023-09-27T04:22:39.528Z] ----------------------------------------------------------------------
[debug] 
[debug] [2023-09-27T04:22:39.615Z] > command requires scopes: ["email","openid","https://www.googleapis.com/auth/cloudplatformprojects.readonly","https://www.googleapis.com/auth/firebase","https://www.googleapis.com/auth/cloud-platform"]
[debug] [2023-09-27T04:22:39.616Z] > authorizing via signed-in user (nrupalpatel231@gmail.com)
[info] 
     ######## #### ########  ######## ########     ###     ######  ########
     ##        ##  ##     ## ##       ##     ##  ##   ##  ##       ##
     ######    ##  ########  ######   ########  #########  ######  ######
     ##        ##  ##    ##  ##       ##     ## ##     ##       ## ##
     ##       #### ##     ## ######## ########  ##     ##  ######  ########

You're about to initialize a Firebase project in this directory:

  C:\New folder (2)\akshar-customer-fe

Before we get started, keep in mind:

  * You are currently outside your home directory
  * You are initializing within an existing Firebase project directory

[info] 
=== Project Setup
[info] 
[info] First, let's associate this project directory with a Firebase project.
[info] You can create multiple project aliases by running firebase use --add, 
[info] but for now we'll just set up a default project.
[info] 
[debug] [2023-09-27T04:22:59.722Z] Using project from CLI flag: akshargraphics-fe
[debug] [2023-09-27T04:22:59.725Z] > refreshing access token with scopes: []
[debug] [2023-09-27T04:22:59.729Z] >>> [apiv2][query] POST https://www.googleapis.com/oauth2/v3/token [none]
[debug] [2023-09-27T04:22:59.729Z] >>> [apiv2][body] POST https://www.googleapis.com/oauth2/v3/token [omitted]
[debug] [2023-09-27T04:23:00.121Z] <<< [apiv2][status] POST https://www.googleapis.com/oauth2/v3/token 200
[debug] [2023-09-27T04:23:00.121Z] <<< [apiv2][body] POST https://www.googleapis.com/oauth2/v3/token [omitted]
[debug] [2023-09-27T04:23:00.137Z] >>> [apiv2][query] GET https://firebase.googleapis.com/v1beta1/projects/akshargraphics-fe [none]
[debug] [2023-09-27T04:23:00.650Z] <<< [apiv2][status] GET https://firebase.googleapis.com/v1beta1/projects/akshargraphics-fe 200
[debug] [2023-09-27T04:23:00.651Z] <<< [apiv2][body] GET https://firebase.googleapis.com/v1beta1/projects/akshargraphics-fe {"projectId":"akshargraphics-fe","projectNumber":"778744253674","displayName":"AksharGraphics FE","name":"projects/akshargraphics-fe","resources":{"hostingSite":"akshargraphics-fe"},"state":"ACTIVE","etag":"1_e841c42b-54dd-4449-8799-38c47f77429d"}
[info] i  Using project akshargraphics-fe (AksharGraphics FE) 
[info] 
=== Hosting Setup
[info] 
[info] Your public directory is the folder (relative to your project directory) that
[info] will contain Hosting assets to be uploaded with firebase deploy. If you
[info] have a build process for your assets, use your build's output directory.
[info] 
